2021-09-30 02:37:58.048 [info] <0.31.0> Application lager started on node 'merge@jstm.merge'
2021-09-30 02:37:58.067 [info] <0.31.0> Application crypto started on node 'merge@jstm.merge'
2021-09-30 02:37:58.085 [info] <0.31.0> Application emysql started on node 'merge@jstm.merge'
2021-09-30 02:37:58.258 [info] <0.105.0>@merge_sup:start_link:21 [merge_sup] 正在启动监控树...
2021-09-30 02:37:58.265 [info] <0.111.0>@merge_context:init:70 [merge_context] 正在启动...
2021-09-30 02:37:58.273 [info] <0.112.0>@merge_srv:init:41 [merge_main_proc] 正在启动...
2021-09-30 02:37:58.274 [info] <0.112.0>@merge_srv:init:43 [merge_main_proc] 启动完成
2021-09-30 02:37:58.274 [info] <0.111.0>@merge_context:init:79 [merge_context] 启动完成
2021-09-30 02:37:58.284 [info] <0.112.0>@merge_srv:tables_merge:84 正在处理[local:1]库表1:role                
2021-09-30 02:37:58.285 [info] <0.31.0> Application merge_main started on node 'merge@jstm.merge'
2021-09-30 02:37:58.322 [info] <0.112.0>@merge_util:batch_insert_offset:52 搬移数据表[sszg_local_1][role]数量:2
2021-09-30 02:37:58.322 [info] <0.112.0>@merge_srv:tables_merge:90 完成处理[local:1]库表1:role                 [0:0:0]
2021-09-30 02:37:58.322 [info] <0.112.0>@merge_srv:tables_merge:84 正在处理[local:1]库表2:role_ext            
2021-09-30 02:37:58.332 [info] <0.112.0>@merge_util:batch_insert_offset:52 搬移数据表[sszg_local_1][role_ext]数量:2
2021-09-30 02:37:58.332 [info] <0.112.0>@merge_srv:tables_merge:90 完成处理[local:1]库表2:role_ext             [0:0:0]
2021-09-30 02:37:58.332 [info] <0.112.0>@merge_srv:tables_merge:84 正在处理[local:1]库表3:role_assets         
2021-09-30 02:37:58.335 [info] <0.112.0>@merge_util:batch_insert_offset:52 搬移数据表[sszg_local_1][role_assets]数量:2
2021-09-30 02:37:58.336 [info] <0.112.0>@merge_srv:tables_merge:90 完成处理[local:1]库表3:role_assets          [0:0:0]
2021-09-30 02:37:58.336 [info] <0.112.0>@merge_srv:tables_merge:84 正在处理[local:1]库表4:mod_charge          
2021-09-30 02:37:58.345 [info] <0.112.0>@merge_util:batch_insert_offset:61 搬移数据表[sszg_local_1][mod_charge]数量:9
2021-09-30 02:37:58.345 [info] <0.112.0>@merge_srv:tables_merge:90 完成处理[local:1]库表4:mod_charge           [0:0:0]
2021-09-30 02:37:58.345 [info] <0.112.0>@merge_srv:tables_merge:84 正在处理[local:1]库表5:mod_old_name        
2021-09-30 02:37:58.347 [info] <0.112.0>@merge_util:batch_insert_offset:52 搬移数据表[sszg_local_1][mod_old_name]数量:2
2021-09-30 02:37:58.347 [info] <0.112.0>@merge_srv:tables_merge:90 完成处理[local:1]库表5:mod_old_name         [0:0:0]
2021-09-30 02:37:58.348 [info] <0.112.0>@merge_srv:tables_merge:84 正在处理[local:1]库表6:mod_notice          
2021-09-30 02:37:58.350 [info] <0.112.0>@merge_util:batch_insert_offset:52 搬移数据表[sszg_local_1][mod_notice]数量:0
2021-09-30 02:37:58.351 [info] <0.112.0>@merge_srv:tables_merge:90 完成处理[local:1]库表6:mod_notice           [0:0:0]
2021-09-30 02:37:58.351 [info] <0.112.0>@merge_srv:tables_merge:84 正在处理[local:1]库表7:mod_holiday_son     
2021-09-30 02:37:58.352 [info] <0.112.0>@merge_util:batch_insert_offset:52 搬移数据表[sszg_local_1][mod_holiday_son]数量:0
2021-09-30 02:37:58.352 [info] <0.112.0>@merge_srv:tables_merge:90 完成处理[local:1]库表7:mod_holiday_son      [0:0:0]
2021-09-30 02:37:58.352 [info] <0.112.0>@merge_srv:tables_merge:84 正在处理[local:1]库表8:mod_holiday_total   
2021-09-30 02:37:58.353 [info] <0.112.0>@merge_util:batch_insert_offset:52 搬移数据表[sszg_local_1][mod_holiday_total]数量:0
2021-09-30 02:37:58.353 [info] <0.112.0>@merge_srv:tables_merge:90 完成处理[local:1]库表8:mod_holiday_total    [0:0:0]
2021-09-30 02:37:58.353 [info] <0.112.0>@merge_srv:tables_merge:84 正在处理[local:1]库表9:mod_self_charge     
2021-09-30 02:37:58.354 [info] <0.112.0>@merge_util:batch_insert_offset:52 搬移数据表[sszg_local_1][mod_self_charge]数量:0
2021-09-30 02:37:58.354 [info] <0.112.0>@merge_srv:tables_merge:90 完成处理[local:1]库表9:mod_self_charge      [0:0:0]
2021-09-30 02:37:58.354 [info] <0.112.0>@merge_srv:tables_merge:84 正在处理[local:1]库表10:mod_keywords        
2021-09-30 02:37:58.355 [info] <0.112.0>@merge_util:batch_insert_offset:52 搬移数据表[sszg_local_1][mod_keywords]数量:0
2021-09-30 02:37:58.355 [info] <0.112.0>@merge_srv:tables_merge:90 完成处理[local:1]库表10:mod_keywords         [0:0:0]
2021-09-30 02:37:58.355 [info] <0.112.0>@merge_srv:tables_merge:84 正在处理[local:1]库表11:mod_keyword_ad      
2021-09-30 02:37:58.357 [info] <0.112.0>@merge_util:batch_insert_offset:52 搬移数据表[sszg_local_1][mod_keyword_ad]数量:0
2021-09-30 02:37:58.357 [info] <0.112.0>@merge_srv:tables_merge:90 完成处理[local:1]库表11:mod_keyword_ad       [0:0:0]
2021-09-30 02:37:58.357 [info] <0.112.0>@merge_srv:tables_merge:84 正在处理[local:1]库表12:role_auth_adult     
2021-09-30 02:37:58.359 [info] <0.112.0>@merge_util:batch_insert_offset:52 搬移数据表[sszg_local_1][role_auth_adult]数量:0
2021-09-30 02:37:58.359 [info] <0.112.0>@merge_srv:tables_merge:90 完成处理[local:1]库表12:role_auth_adult      [0:0:0]
2021-09-30 02:37:58.359 [info] <0.112.0>@merge_srv:tables_merge:84 正在处理[local:1]库表13:mod_vip_exclusive   
2021-09-30 02:37:58.361 [info] <0.112.0>@merge_util:batch_insert_offset:52 搬移数据表[sszg_local_1][mod_vip_exclusive]数量:0
2021-09-30 02:37:58.361 [info] <0.112.0>@merge_srv:tables_merge:90 完成处理[local:1]库表13:mod_vip_exclusive    [0:0:0]
2021-09-30 02:37:58.361 [info] <0.112.0>@merge_srv:tables_merge:84 正在处理[local:1]库表14:env                 
2021-09-30 02:37:58.364 [info] <0.112.0>@merge_srv:tables_merge:90 完成处理[local:1]库表14:env                  [0:0:0]
2021-09-30 02:37:58.365 [info] <0.112.0>@merge_srv:tables_merge:84 正在处理[local:1]库表15:guild.dets          
2021-09-30 02:37:58.367 [info] <0.112.0>@merge_srv:tables_merge:90 完成处理[local:1]库表15:guild.dets           [0:0:0]
2021-09-30 02:37:58.367 [info] <0.112.0>@merge_srv:tables_merge:84 正在处理[local:1]库表16:guild_merge.dets    
2021-09-30 02:37:58.369 [info] <0.112.0>@merge_srv:tables_merge:90 完成处理[local:1]库表16:guild_merge.dets     [0:0:0]
2021-09-30 02:37:58.369 [info] <0.112.0>@merge_srv:tables_merge:84 正在处理[local:1]库表17:guild_mem_red_packet
2021-09-30 02:37:58.369 [info] <0.112.0>@merge_srv:tables_merge:90 完成处理[local:1]库表17:guild_mem_red_packet [0:0:0]
2021-09-30 02:37:58.369 [info] <0.112.0>@merge_srv:tables_merge:84 正在处理[local:1]库表18:role_misc_ext.dets  
2021-09-30 02:37:58.369 [info] <0.112.0>@merge_srv:tables_merge:90 完成处理[local:1]库表18:role_misc_ext.dets   [0:0:0]
2021-09-30 02:37:58.369 [info] <0.112.0>@merge_srv:tables_merge:84 正在处理[local:1]库表19:role_other_var.dets 
2021-09-30 02:37:58.370 [info] <0.112.0>@merge_srv:tables_merge:90 完成处理[local:1]库表19:role_other_var.dets  [0:0:0]
2021-09-30 02:37:58.370 [info] <0.112.0>@merge_srv:tables_merge:84 正在处理[local:1]库表20:role_day_var.dets   
2021-09-30 02:37:58.370 [info] <0.112.0>@merge_srv:tables_merge:90 完成处理[local:1]库表20:role_day_var.dets    [0:0:0]
2021-09-30 02:37:58.370 [info] <0.112.0>@merge_srv:tables_merge:84 正在处理[local:1]库表21:role_timeout_var.det
2021-09-30 02:37:58.370 [info] <0.112.0>@merge_srv:tables_merge:90 完成处理[local:1]库表21:role_timeout_var.det [0:0:0]
2021-09-30 02:37:58.370 [info] <0.112.0>@merge_srv:tables_merge:84 正在处理[local:1]库表22:mailbox.dets        
2021-09-30 02:37:58.370 [info] <0.112.0>@merge_srv:tables_merge:90 完成处理[local:1]库表22:mailbox.dets         [0:0:0]
2021-09-30 02:37:58.370 [info] <0.112.0>@merge_srv:tables_merge:84 正在处理[local:1]库表23:role_friend.dets    
2021-09-30 02:37:58.371 [info] <0.112.0>@merge_srv:tables_merge:90 完成处理[local:1]库表23:role_friend.dets     [0:0:0]
2021-09-30 02:37:58.371 [info] <0.112.0>@merge_srv:tables_merge:84 正在处理[local:1]库表24:role_friend_cross.de
2021-09-30 02:37:58.371 [info] <0.112.0>@merge_srv:tables_merge:90 完成处理[local:1]库表24:role_friend_cross.de [0:0:0]
2021-09-30 02:37:58.371 [info] <0.112.0>@merge_srv:tables_merge:84 正在处理[local:1]库表25:friends.dets        
2021-09-30 02:37:58.371 [info] <0.112.0>@merge_srv:tables_merge:90 完成处理[local:1]库表25:friends.dets         [0:0:0]
2021-09-30 02:37:58.371 [info] <0.112.0>@merge_srv:tables_merge:84 正在处理[local:1]库表26:sns_black_list.dets 
2021-09-30 02:37:58.371 [info] <0.112.0>@merge_srv:tables_merge:90 完成处理[local:1]库表26:sns_black_list.dets  [0:0:0]
2021-09-30 02:37:58.371 [info] <0.112.0>@merge_srv:tables_merge:84 正在处理[local:1]库表27:invite_code_role.det
2021-09-30 02:37:58.372 [info] <0.112.0>@merge_srv:tables_merge:90 完成处理[local:1]库表27:invite_code_role.det [0:0:0]
2021-09-30 02:37:58.372 [info] <0.112.0>@merge_srv:tables_merge:84 正在处理[local:1]库表28:invite_code_bind.det
2021-09-30 02:37:58.372 [info] <0.112.0>@merge_srv:tables_merge:90 完成处理[local:1]库表28:invite_code_bind.det [0:0:0]
2021-09-30 02:37:58.372 [info] <0.112.0>@merge_srv:tables_merge:84 正在处理[local:1]库表29:invite_code_return_b
2021-09-30 02:37:58.372 [info] <0.112.0>@merge_srv:tables_merge:90 完成处理[local:1]库表29:invite_code_return_b [0:0:0]
2021-09-30 02:37:58.376 [info] <0.112.0>@merge_srv:tables_merge:84 正在处理[local:1]库表30:drop_bag.dets       
2021-09-30 02:37:58.376 [info] <0.112.0>@merge_srv:tables_merge:90 完成处理[local:1]库表30:drop_bag.dets        [0:0:0]
2021-09-30 02:37:58.377 [info] <0.112.0>@merge_srv:tables_merge:84 正在处理[local:1]库表31:sys_rank.dets       
2021-09-30 02:37:58.380 [info] <0.112.0>@merge_srv:tables_merge:90 完成处理[local:1]库表31:sys_rank.dets        [0:0:0]
2021-09-30 02:37:58.380 [info] <0.112.0>@merge_srv:tables_merge:84 正在处理[local:1]库表32:endless_employ.dets 
2021-09-30 02:37:58.380 [info] <0.112.0>@merge_srv:tables_merge:90 完成处理[local:1]库表32:endless_employ.dets  [0:0:0]
2021-09-30 02:37:58.380 [info] <0.112.0>@merge_srv:tables_merge:84 正在处理[local:1]库表33:endless_employ_point
2021-09-30 02:37:58.381 [info] <0.112.0>@merge_srv:tables_merge:90 完成处理[local:1]库表33:endless_employ_point [0:0:0]
2021-09-30 02:37:58.381 [info] <0.112.0>@merge_srv:tables_merge:84 正在处理[local:1]库表34:expedition_employ.de
2021-09-30 02:37:58.381 [info] <0.112.0>@merge_srv:tables_merge:90 完成处理[local:1]库表34:expedition_employ.de [0:0:0]
2021-09-30 02:37:58.381 [info] <0.112.0>@merge_srv:tables_merge:84 正在处理[local:1]库表35:guild_dun.dets      
2021-09-30 02:37:58.381 [info] <0.112.0>@merge_srv:tables_merge:90 完成处理[local:1]库表35:guild_dun.dets       [0:0:0]
2021-09-30 02:37:58.381 [info] <0.112.0>@merge_srv:tables_merge:84 正在处理[local:1]库表36:guild_dun_rank_role.
2021-09-30 02:37:58.381 [info] <0.112.0>@merge_srv:tables_merge:90 完成处理[local:1]库表36:guild_dun_rank_role. [0:0:0]
2021-09-30 02:37:58.381 [info] <0.112.0>@merge_srv:tables_merge:84 正在处理[local:1]库表37:guild_secret_area.de
2021-09-30 02:37:58.381 [info] <0.112.0>@merge_srv:tables_merge:90 完成处理[local:1]库表37:guild_secret_area.de [0:0:0]
2021-09-30 02:37:58.381 [info] <0.112.0>@merge_srv:tables_merge:84 正在处理[local:1]库表38:guild_secret_area_ra
2021-09-30 02:37:58.382 [info] <0.112.0>@merge_srv:tables_merge:90 完成处理[local:1]库表38:guild_secret_area_ra [0:0:0]
2021-09-30 02:37:58.382 [info] <0.112.0>@merge_srv:tables_merge:84 正在处理[local:1]库表39:guild_marketplace.de
2021-09-30 02:37:58.382 [info] <0.112.0>@merge_srv:tables_merge:90 完成处理[local:1]库表39:guild_marketplace.de [0:0:0]
2021-09-30 02:37:58.382 [info] <0.112.0>@merge_srv:tables_merge:84 正在处理[local:1]库表40:room_fans_num.dets  
2021-09-30 02:37:58.382 [info] <0.112.0>@merge_srv:tables_merge:90 完成处理[local:1]库表40:room_fans_num.dets   [0:0:0]
2021-09-30 02:37:58.382 [info] <0.112.0>@merge_srv:tables_merge:84 正在处理[local:1]库表41:role_room_1.dets    
2021-09-30 02:37:58.382 [info] <0.112.0>@merge_srv:tables_merge:90 完成处理[local:1]库表41:role_room_1.dets     [0:0:0]
2021-09-30 02:37:58.382 [info] <0.112.0>@merge_srv:tables_merge:84 正在处理[local:1]库表42:role_room_2.dets    
2021-09-30 02:37:58.382 [info] <0.112.0>@merge_srv:tables_merge:90 完成处理[local:1]库表42:role_room_2.dets     [0:0:0]
2021-09-30 02:37:58.382 [info] <0.112.0>@merge_srv:tables_merge:84 正在处理[local:1]库表43:role_room_3.dets    
2021-09-30 02:37:58.382 [info] <0.112.0>@merge_srv:tables_merge:90 完成处理[local:1]库表43:role_room_3.dets     [0:0:0]
2021-09-30 02:37:58.383 [info] <0.112.0>@merge_srv:tables_merge:84 正在处理[local:1]库表44:role_room_4.dets    
2021-09-30 02:37:58.383 [info] <0.112.0>@merge_srv:tables_merge:90 完成处理[local:1]库表44:role_room_4.dets     [0:0:0]
2021-09-30 02:37:58.383 [info] <0.112.0>@merge_srv:tables_merge:84 正在处理[local:1]库表45:role_room_5.dets    
2021-09-30 02:37:58.383 [info] <0.112.0>@merge_srv:tables_merge:90 完成处理[local:1]库表45:role_room_5.dets     [0:0:0]
2021-09-30 02:37:58.383 [info] <0.112.0>@merge_srv:tables_merge:84 正在处理[local:1]库表46:room_bbs_message.det
2021-09-30 02:37:58.383 [info] <0.112.0>@merge_srv:tables_merge:90 完成处理[local:1]库表46:room_bbs_message.det [0:0:0]
2021-09-30 02:37:58.383 [info] <0.112.0>@merge_srv:tables_merge:84 正在处理[local:1]库表47:room_bbs_message_bel
2021-09-30 02:37:58.383 [info] <0.112.0>@merge_srv:tables_merge:90 完成处理[local:1]库表47:room_bbs_message_bel [0:0:0]
2021-09-30 02:37:58.383 [info] <0.112.0>@merge_srv:tables_merge:84 正在处理[local:1]库表48:room_feat_info.dets 
2021-09-30 02:37:58.384 [info] <0.112.0>@merge_srv:tables_merge:90 完成处理[local:1]库表48:room_feat_info.dets  [0:0:0]
2021-09-30 02:37:58.384 [info] <0.112.0>@merge_srv:tables_merge:84 正在处理[local:1]库表49:arena_elite_role.det
2021-09-30 02:37:58.384 [info] <0.112.0>@merge_srv:tables_merge:90 完成处理[local:1]库表49:arena_elite_role.det [0:0:0]
2021-09-30 02:37:58.384 [info] <0.112.0>@merge_srv:tables_merge:84 正在处理[local:1]库表50:arena_elite_mirror.d
2021-09-30 02:37:58.384 [info] <0.112.0>@merge_srv:tables_merge:90 完成处理[local:1]库表50:arena_elite_mirror.d [0:0:0]
2021-09-30 02:37:58.384 [info] <0.112.0>@merge_srv:tables_merge:84 正在处理[local:1]库表51:arena_elite_reward_l
2021-09-30 02:37:58.384 [info] <0.112.0>@merge_srv:tables_merge:90 完成处理[local:1]库表51:arena_elite_reward_l [0:0:0]
2021-09-30 02:37:58.384 [info] <0.112.0>@merge_srv:tables_merge:84 正在处理[local:1]库表52:arena_elite_other.de
2021-09-30 02:37:58.387 [info] <0.112.0>@merge_srv:tables_merge:90 完成处理[local:1]库表52:arena_elite_other.de [0:0:0]
2021-09-30 02:37:58.388 [info] <0.112.0>@merge_srv:tables_merge:84 正在处理[local:1]库表53:arena_elite_hallows_
2021-09-30 02:37:58.388 [info] <0.112.0>@merge_srv:tables_merge:90 完成处理[local:1]库表53:arena_elite_hallows_ [0:0:0]
2021-09-30 02:37:58.388 [info] <0.112.0>@merge_srv:tables_merge:84 正在处理[local:1]库表54:home_1.dets         
2021-09-30 02:37:58.388 [info] <0.112.0>@merge_srv:tables_merge:90 完成处理[local:1]库表54:home_1.dets          [0:0:0]
2021-09-30 02:37:58.388 [info] <0.112.0>@merge_srv:tables_merge:84 正在处理[local:1]库表55:home_2.dets         
2021-09-30 02:37:58.388 [info] <0.112.0>@merge_srv:tables_merge:90 完成处理[local:1]库表55:home_2.dets          [0:0:0]
2021-09-30 02:37:58.388 [info] <0.112.0>@merge_srv:tables_merge:84 正在处理[local:1]库表56:home_3.dets         
2021-09-30 02:37:58.388 [info] <0.112.0>@merge_srv:tables_merge:90 完成处理[local:1]库表56:home_3.dets          [0:0:0]
2021-09-30 02:37:58.388 [info] <0.112.0>@merge_srv:tables_merge:84 正在处理[local:1]库表57:home_4.dets         
2021-09-30 02:37:58.389 [info] <0.112.0>@merge_srv:tables_merge:90 完成处理[local:1]库表57:home_4.dets          [0:0:0]
2021-09-30 02:37:58.389 [info] <0.112.0>@merge_srv:tables_merge:84 正在处理[local:1]库表58:home_5.dets         
2021-09-30 02:37:58.389 [info] <0.112.0>@merge_srv:tables_merge:90 完成处理[local:1]库表58:home_5.dets          [0:0:0]
2021-09-30 02:37:58.389 [info] <0.112.0>@merge_srv:tables_merge:84 正在处理[local:1]库表59:home_rand_visit_bak.
2021-09-30 02:37:58.389 [info] <0.112.0>@merge_srv:tables_merge:90 完成处理[local:1]库表59:home_rand_visit_bak. [0:0:0]
2021-09-30 02:37:58.389 [info] <0.112.0>@merge_srv:tables_merge:84 正在处理[local:1]库表60:primus.dets         
2021-09-30 02:37:58.389 [info] <0.112.0>@merge_srv:tables_merge:90 完成处理[local:1]库表60:primus.dets          [0:0:0]
2021-09-30 02:37:58.389 [info] <0.112.0>@merge_srv:tables_merge:84 正在处理[local:1]库表61:dungeon_info.dets   
2021-09-30 02:37:58.389 [info] <0.112.0>@merge_srv:tables_merge:90 完成处理[local:1]库表61:dungeon_info.dets    [0:0:0]
2021-09-30 02:37:58.389 [info] <0.112.0>@merge_srv:tables_merge:84 正在处理[local:1]库表62:holiday_merge_holida
2021-09-30 02:37:58.390 [info] <0.112.0>@merge_srv:tables_merge:90 完成处理[local:1]库表62:holiday_merge_holida [0:0:0]
2021-09-30 02:37:58.390 [info] <0.112.0>@merge_srv:tables_merge:84 正在处理[local:1]库表63:arena_cluster_role.d
2021-09-30 02:37:58.390 [info] <0.112.0>@merge_srv:tables_merge:90 完成处理[local:1]库表63:arena_cluster_role.d [0:0:0]
2021-09-30 02:37:58.390 [info] <0.112.0>@merge_srv:tables_merge:84 正在处理[local:1]库表64:arena_cluster_role_b
2021-09-30 02:37:58.390 [info] <0.112.0>@merge_srv:tables_merge:90 完成处理[local:1]库表64:arena_cluster_role_b [0:0:0]
2021-09-30 02:37:58.390 [info] <0.112.0>@merge_srv:tables_merge:84 正在处理[local:1]库表65:recruit_limit.dets  
2021-09-30 02:37:58.390 [info] <0.112.0>@merge_srv:tables_merge:90 完成处理[local:1]库表65:recruit_limit.dets   [0:0:0]
2021-09-30 02:37:58.390 [info] <0.112.0>@merge_srv:tables_merge:84 正在处理[local:1]库表66:recruit_limit_holida
2021-09-30 02:37:58.390 [info] <0.112.0>@merge_srv:tables_merge:90 完成处理[local:1]库表66:recruit_limit_holida [0:0:0]
2021-09-30 02:37:58.390 [info] <0.112.0>@merge_srv:tables_merge:84 正在处理[local:1]库表67:holy_eqm_lottery_lim
2021-09-30 02:37:58.391 [info] <0.112.0>@merge_srv:tables_merge:90 完成处理[local:1]库表67:holy_eqm_lottery_lim [0:0:0]
2021-09-30 02:37:58.391 [info] <0.112.0>@merge_srv:tables_merge:84 正在处理[local:1]库表68:holiday_sprite_limit
2021-09-30 02:37:58.391 [info] <0.112.0>@merge_srv:tables_merge:90 完成处理[local:1]库表68:holiday_sprite_limit [0:0:0]
2021-09-30 02:37:58.391 [info] <0.112.0>@merge_srv:tables_merge:84 正在处理[local:1]库表69:holiday_term_begins_
2021-09-30 02:37:58.396 [info] <0.112.0>@merge_srv:tables_merge:90 完成处理[local:1]库表69:holiday_term_begins_ [0:0:0]
2021-09-30 02:37:58.396 [info] <0.112.0>@merge_srv:tables_merge:84 正在处理[local:1]库表70:term_begins_role.det
2021-09-30 02:37:58.396 [info] <0.112.0>@merge_srv:tables_merge:90 完成处理[local:1]库表70:term_begins_role.det [0:0:0]
2021-09-30 02:37:58.396 [info] <0.112.0>@merge_srv:tables_merge:84 正在处理[local:1]库表71:term_begins_paper.de
2021-09-30 02:37:58.396 [info] <0.112.0>@merge_srv:tables_merge:90 完成处理[local:1]库表71:term_begins_paper.de [0:0:0]
2021-09-30 02:37:58.396 [info] <0.112.0>@merge_srv:tables_merge:84 正在处理[local:1]库表72:monopoly_dungeons.de
2021-09-30 02:37:58.397 [info] <0.112.0>@merge_srv:tables_merge:90 完成处理[local:1]库表72:monopoly_dungeons.de [0:0:0]
2021-09-30 02:37:58.397 [info] <0.112.0>@merge_srv:tables_merge:84 正在处理[local:1]库表73:monopoly_dungeons_gu
2021-09-30 02:37:58.397 [info] <0.112.0>@merge_srv:tables_merge:90 完成处理[local:1]库表73:monopoly_dungeons_gu [0:0:0]
2021-09-30 02:37:58.397 [info] <0.112.0>@merge_srv:tables_merge:84 正在处理[local:1]库表74:role_weekly_report.d
2021-09-30 02:37:58.397 [info] <0.112.0>@merge_srv:tables_merge:90 完成处理[local:1]库表74:role_weekly_report.d [0:0:0]
2021-09-30 02:37:58.397 [info] <0.112.0>@merge_srv:tables_merge:84 正在处理[local:1]库表75:holiday_return_new_r
2021-09-30 02:37:58.400 [info] <0.112.0>@merge_srv:tables_merge:90 完成处理[local:1]库表75:holiday_return_new_r [0:0:0]
2021-09-30 02:37:58.400 [info] <0.112.0>@merge_srv:tables_merge:84 正在处理[local:1]库表76:holiday_return_new_e
2021-09-30 02:37:58.400 [info] <0.112.0>@merge_srv:tables_merge:90 完成处理[local:1]库表76:holiday_return_new_e [0:0:0]
2021-09-30 02:37:58.400 [info] <0.112.0>@merge_srv:tables_merge:84 正在处理[local:1]库表77:role_carnival_share.
2021-09-30 02:37:58.401 [info] <0.112.0>@merge_srv:tables_merge:90 完成处理[local:1]库表77:role_carnival_share. [0:0:0]
2021-09-30 02:37:58.401 [info] <0.112.0>@merge_srv:tables_merge:84 正在处理[local:1]库表78:holiday_lucky_dog_in
2021-09-30 02:37:58.401 [info] <0.112.0>@merge_srv:tables_merge:90 完成处理[local:1]库表78:holiday_lucky_dog_in [0:0:0]
2021-09-30 02:37:58.401 [info] <0.112.0>@merge_srv:tables_merge:84 正在处理[local:1]库表79:feedback_log.dets   
2021-09-30 02:37:58.401 [info] <0.112.0>@merge_srv:tables_merge:90 完成处理[local:1]库表79:feedback_log.dets    [0:0:0]
2021-09-30 02:37:58.401 [info] <0.112.0>@merge_srv:tables_merge:84 正在处理[local:1]库表80:feedback_do_submit.d
2021-09-30 02:37:58.401 [info] <0.112.0>@merge_srv:tables_merge:90 完成处理[local:1]库表80:feedback_do_submit.d [0:0:0]
2021-09-30 02:37:58.401 [info] <0.112.0>@merge_srv:tables_merge:84 正在处理[local:2]库表1:role                
2021-09-30 02:37:58.404 [info] <0.112.0>@merge_util:batch_insert_offset:52 搬移数据表[sszg_local_2][role]数量:2
2021-09-30 02:37:58.404 [info] <0.112.0>@merge_dao_role:do_end:35 正在修改角色名称...
2021-09-30 02:37:58.429 [info] <0.112.0>@merge_dao_role:do_end:39 完成修改角色名称
2021-09-30 02:37:58.429 [info] <0.112.0>@merge_srv:tables_merge:90 完成处理[local:2]库表1:role                 [0:0:0]
2021-09-30 02:37:58.429 [info] <0.112.0>@merge_srv:tables_merge:84 正在处理[local:2]库表2:role_ext            
2021-09-30 02:37:58.437 [info] <0.112.0>@merge_util:batch_replace_offset:79 搬移数据表[sszg_local_2][role_ext]数量:2
2021-09-30 02:37:58.437 [info] <0.112.0>@merge_srv:tables_merge:90 完成处理[local:2]库表2:role_ext             [0:0:0]
2021-09-30 02:37:58.437 [info] <0.112.0>@merge_srv:tables_merge:84 正在处理[local:2]库表3:role_assets         
2021-09-30 02:37:58.440 [info] <0.112.0>@merge_util:batch_replace_offset:79 搬移数据表[sszg_local_2][role_assets]数量:2
2021-09-30 02:37:58.440 [info] <0.112.0>@merge_srv:tables_merge:90 完成处理[local:2]库表3:role_assets          [0:0:0]
2021-09-30 02:37:58.440 [info] <0.112.0>@merge_srv:tables_merge:84 正在处理[local:2]库表4:mod_charge          
2021-09-30 02:37:58.445 [info] <0.112.0>@merge_util:batch_replace_offset:88 搬移数据表[sszg_local_2][mod_charge]数量:4
2021-09-30 02:37:58.445 [info] <0.112.0>@merge_srv:tables_merge:90 完成处理[local:2]库表4:mod_charge           [0:0:0]
2021-09-30 02:37:58.445 [info] <0.112.0>@merge_srv:tables_merge:84 正在处理[local:2]库表5:mod_old_name        
2021-09-30 02:37:58.447 [info] <0.112.0>@merge_util:batch_replace_offset:79 搬移数据表[sszg_local_2][mod_old_name]数量:2
2021-09-30 02:37:58.447 [info] <0.112.0>@merge_srv:tables_merge:90 完成处理[local:2]库表5:mod_old_name         [0:0:0]
2021-09-30 02:37:58.447 [info] <0.112.0>@merge_srv:tables_merge:84 正在处理[local:2]库表6:mod_notice          
2021-09-30 02:37:58.447 [info] <0.112.0>@merge_srv:tables_merge:90 完成处理[local:2]库表6:mod_notice           [0:0:0]
2021-09-30 02:37:58.447 [info] <0.112.0>@merge_srv:tables_merge:84 正在处理[local:2]库表7:mod_holiday_son     
2021-09-30 02:37:58.447 [info] <0.112.0>@merge_srv:tables_merge:90 完成处理[local:2]库表7:mod_holiday_son      [0:0:0]
2021-09-30 02:37:58.447 [info] <0.112.0>@merge_srv:tables_merge:84 正在处理[local:2]库表8:mod_holiday_total   
2021-09-30 02:37:58.447 [info] <0.112.0>@merge_srv:tables_merge:90 完成处理[local:2]库表8:mod_holiday_total    [0:0:0]
2021-09-30 02:37:58.447 [info] <0.112.0>@merge_srv:tables_merge:84 正在处理[local:2]库表9:mod_self_charge     
2021-09-30 02:37:58.448 [info] <0.112.0>@merge_srv:tables_merge:90 完成处理[local:2]库表9:mod_self_charge      [0:0:0]
2021-09-30 02:37:58.448 [info] <0.112.0>@merge_srv:tables_merge:84 正在处理[local:2]库表10:mod_keywords        
2021-09-30 02:37:58.448 [info] <0.112.0>@merge_srv:tables_merge:90 完成处理[local:2]库表10:mod_keywords         [0:0:0]
2021-09-30 02:37:58.448 [info] <0.112.0>@merge_srv:tables_merge:84 正在处理[local:2]库表11:mod_keyword_ad      
2021-09-30 02:37:58.448 [info] <0.112.0>@merge_srv:tables_merge:90 完成处理[local:2]库表11:mod_keyword_ad       [0:0:0]
2021-09-30 02:37:58.448 [info] <0.112.0>@merge_srv:tables_merge:84 正在处理[local:2]库表12:role_auth_adult     
2021-09-30 02:37:58.448 [info] <0.112.0>@merge_srv:tables_merge:90 完成处理[local:2]库表12:role_auth_adult      [0:0:0]
2021-09-30 02:37:58.448 [info] <0.112.0>@merge_srv:tables_merge:84 正在处理[local:2]库表13:mod_vip_exclusive   
2021-09-30 02:37:58.448 [info] <0.112.0>@merge_srv:tables_merge:90 完成处理[local:2]库表13:mod_vip_exclusive    [0:0:0]
2021-09-30 02:37:58.448 [info] <0.112.0>@merge_srv:tables_merge:84 正在处理[local:2]库表14:env                 
2021-09-30 02:37:58.484 [error] <0.112.0>@merge_dets_env:merge:32 gen_server merge_main_proc terminated with reason: bad argument in call to dets:delete_all_objects(env_file) line 261 in merge_dets_env:merge/1 line 32
2021-09-30 02:37:58.487 [info] <0.145.0>@merge_context:init:70 [merge_context] 正在启动...
2021-09-30 02:37:58.488 [info] <0.146.0>@merge_srv:init:41 [merge_main_proc] 正在启动...
2021-09-30 02:37:58.488 [info] <0.146.0>@merge_srv:init:43 [merge_main_proc] 启动完成
2021-09-30 02:37:58.488 [info] <0.145.0>@merge_context:init:79 [merge_context] 启动完成
2021-09-30 02:37:58.488 [error] <0.112.0>@merge_dets_env:merge:32 CRASH REPORT Process <0.112.0> with 1 neighbours exited with reason: bad argument in call to dets:delete_all_objects(env_file) line 261 in merge_dets_env:merge/1 line 32
2021-09-30 02:37:58.488 [error] <0.110.0>@merge_dets_env:merge:32 Supervisor merge_sup had child merge_context started with merge_context:start_link() at <0.111.0> exit with reason bad argument in call to dets:delete_all_objects(env_file) line 261 in merge_dets_env:merge/1 line 32 in context child_terminated
2021-09-30 02:37:58.491 [info] <0.145.0>@merge_checker:check:40 ==========4
2021-09-30 02:37:58.493 [info] <0.145.0>@merge_context:handle_cast:97 检查有误
2021-09-30 02:37:58.493 [info] <0.145.0>@merge_context:handle_cast:98 检查有误:<<231,155,174,230,160,135,229,186,147,233,157,158,231,169,186,229,186,147,239,188,140,232,175,183,230,184,133,230,161,163,229,144,142,231,187,167,231,187,173>>
2021-09-30 02:37:58.493 [info] <0.145.0>@merge_context:handle_cast:99 检查有误:目标库非空库，请清档后继续
2021-09-30 02:38:58.648 [info] <0.31.0> Application lager started on node 'merge@jstm.merge'
2021-09-30 02:38:58.659 [info] <0.31.0> Application crypto started on node 'merge@jstm.merge'
2021-09-30 02:38:58.669 [info] <0.31.0> Application emysql started on node 'merge@jstm.merge'
2021-09-30 02:38:58.827 [info] <0.105.0>@merge_sup:start_link:21 [merge_sup] 正在启动监控树...
2021-09-30 02:38:58.832 [info] <0.111.0>@merge_context:init:70 [merge_context] 正在启动...
2021-09-30 02:38:58.837 [info] <0.112.0>@merge_srv:init:41 [merge_main_proc] 正在启动...
2021-09-30 02:38:58.837 [info] <0.112.0>@merge_srv:init:43 [merge_main_proc] 启动完成
2021-09-30 02:38:58.837 [info] <0.111.0>@merge_context:init:79 [merge_context] 启动完成
2021-09-30 02:38:58.845 [info] <0.111.0>@merge_checker:check:40 ==========4
2021-09-30 02:38:58.846 [info] <0.31.0> Application merge_main started on node 'merge@jstm.merge'
2021-09-30 02:38:58.847 [info] <0.111.0>@merge_context:handle_cast:97 检查有误
2021-09-30 02:38:58.847 [info] <0.111.0>@merge_context:handle_cast:98 检查有误:<<231,155,174,230,160,135,229,186,147,233,157,158,231,169,186,229,186,147,239,188,140,232,175,183,230,184,133,230,161,163,229,144,142,231,187,167,231,187,173>>
2021-09-30 02:38:58.847 [info] <0.111.0>@merge_context:handle_cast:99 检查有误:目标库非空库，请清档后继续
